2025-11-15 09:33:53.693 INFO  [3] [VMGlobalScript.GlobalScript::Init@0]  ====================================================V4.3.0 GlobalScript Start Print Log====================================================

2025-11-15 09:33:58.967 INFO  [4] [VM.GlobalScript.Support.GlobalManager::objLoadDefaultScriptTime_Elapsed@0] Load default globalScript begin

2025-11-15 09:34:16.499 INFO  [3] [VMGlobalScript.GlobalScript::Init@0]  ====================================================V4.3.0 GlobalScript Start Print Log====================================================

2025-11-15 09:34:22.629 INFO  [15] [VM.GlobalScript.Support.GlobalManager::objLoadDefaultScriptTime_Elapsed@0] Load default globalScript begin

2025-11-15 09:34:24.118 INFO  [15] [VM.GlobalScript.Support.UserGlobalScriptManger::compileGlobalScript@0] Compile begin

2025-11-15 09:34:24.618 INFO  [15] [VM.GlobalScript.Support.UserGlobalScriptSupport::CompileCode@0] 2025-11-15 09:34:24:618 : Compile complete -- 0 Errors, 0 Warnings 


2025-11-15 09:34:24.868 INFO  [15] [VM.GlobalScript.Support.UserGlobalScriptManger::updateBackFile@0] Update BackFile end

2025-11-15 09:34:24.878 INFO  [15] [VM.GlobalScript.Support.UserGlobalScriptManger::compileGlobalScript@0] Compile end

2025-11-15 09:34:24.886 INFO  [15] [VM.GlobalScript.Support.GlobalManager::objLoadDefaultScriptTime_Elapsed@0] Load default globalScript end

2025-11-15 09:39:05.909 INFO  [4] [VMGlobalScript.GlobalScript::Init@0]  ====================================================V4.3.0 GlobalScript Start Print Log====================================================

2025-11-15 09:39:06.727 INFO  [17] [VM.GlobalScript.Support.UserGlobalScriptManger::CloseScript@0] CloseScript start

2025-11-15 09:39:06.733 INFO  [17] [VM.GlobalScript.Support.UserGlobalScriptManger::CloseScript@0] CloseScript end

2025-11-15 09:39:07.108 INFO  [17] [VM.GlobalScript.Support.UserGlobalScriptManger::LoadSolution@0] Load solution start

2025-11-15 09:39:07.234 INFO  [17] [VM.GlobalScript.Support.UserGlobalScriptManger::LoadSolution@0] Load solution end

2025-11-15 09:39:07.259 INFO  [17] [VM.GlobalScript.Support.UserGlobalScriptManger::ExecuteLoadInit@0] ExecuteLoadInit start

2025-11-15 09:39:07.265 INFO  [17] [VM.GlobalScript.Support.UserGlobalScriptManger::ExecuteLoadInit@0] ExecuteLoadInit end

2025-11-15 09:39:07.290 INFO  [3] [VM.GlobalScript.Support.UserGlobalScriptManger::compileGlobalScript@0] Compile begin

2025-11-15 09:39:07.591 INFO  [3] [VM.GlobalScript.Support.UserGlobalScriptSupport::CompileCode@0] 2025-11-15 09:39:07:591 : Compile complete -- 0 Errors, 0 Warnings 


2025-11-15 09:39:07.665 INFO  [3] [VM.GlobalScript.Support.UserGlobalScriptManger::updateBackFile@0] Update BackFile end

2025-11-15 09:39:07.681 INFO  [3] [VM.GlobalScript.Support.UserGlobalScriptManger::compileGlobalScript@0] Compile end

2025-11-15 09:39:07.697 INFO  [19] [VM.GlobalScript.Support.UserGlobalScriptManger::loadInitAction@0] ExecuteLoadInit start

2025-11-15 09:41:01.941 INFO  [1] [VM.GlobalScript.Support.UserGlobalScriptManger::CloseScript@0] CloseScript start

2025-11-15 09:41:01.964 INFO  [1] [VM.GlobalScript.Support.UserGlobalScriptManger::CloseScript@0] Global script cancel UinitSDK end

2025-11-15 09:41:01.970 INFO  [1] [VM.GlobalScript.Support.UserGlobalScriptManger::CloseScript@0] CloseScript end

2025-11-15 09:46:55.165 INFO  [3] [VMGlobalScript.GlobalScript::Init@0]  ====================================================V4.3.0 GlobalScript Start Print Log====================================================

2025-11-15 09:46:56.004 INFO  [17] [VM.GlobalScript.Support.UserGlobalScriptManger::CloseScript@0] CloseScript start

2025-11-15 09:46:56.004 INFO  [17] [VM.GlobalScript.Support.UserGlobalScriptManger::CloseScript@0] CloseScript end

2025-11-15 09:46:56.541 INFO  [17] [VM.GlobalScript.Support.UserGlobalScriptManger::LoadSolution@0] Load solution start

2025-11-15 09:46:56.711 INFO  [17] [VM.GlobalScript.Support.UserGlobalScriptManger::LoadSolution@0] Load solution end

2025-11-15 09:46:56.734 INFO  [17] [VM.GlobalScript.Support.UserGlobalScriptManger::ExecuteLoadInit@0] ExecuteLoadInit start

2025-11-15 09:46:56.734 INFO  [17] [VM.GlobalScript.Support.UserGlobalScriptManger::ExecuteLoadInit@0] ExecuteLoadInit end

2025-11-15 09:46:56.742 INFO  [4] [VM.GlobalScript.Support.UserGlobalScriptManger::compileGlobalScript@0] Compile begin

2025-11-15 09:46:57.078 INFO  [4] [VM.GlobalScript.Support.UserGlobalScriptSupport::CompileCode@0] 2025-11-15 09:46:57:078 : Compile complete -- 0 Errors, 0 Warnings 


2025-11-15 09:46:57.143 INFO  [4] [VM.GlobalScript.Support.UserGlobalScriptManger::updateBackFile@0] Update BackFile end

2025-11-15 09:46:57.146 INFO  [4] [VM.GlobalScript.Support.UserGlobalScriptManger::compileGlobalScript@0] Compile end

2025-11-15 09:46:57.159 INFO  [19] [VM.GlobalScript.Support.UserGlobalScriptManger::loadInitAction@0] ExecuteLoadInit start

2025-11-15 10:05:39.192 INFO  [1] [VMGlobalScript.GlobalScript::Init@0]  ====================================================V4.3.0 GlobalScript Start Print Log====================================================

2025-11-15 10:05:41.252 INFO  [14] [VM.GlobalScript.Support.UserGlobalScriptManger::CloseScript@0] CloseScript start

2025-11-15 10:05:41.269 INFO  [14] [VM.GlobalScript.Support.UserGlobalScriptManger::CloseScript@0] CloseScript end

2025-11-15 10:05:41.538 INFO  [14] [VM.GlobalScript.Support.UserGlobalScriptManger::LoadSolution@0] Load solution start

2025-11-15 10:05:41.677 INFO  [14] [VM.GlobalScript.Support.UserGlobalScriptManger::LoadSolution@0] Load solution end

2025-11-15 10:05:41.712 INFO  [14] [VM.GlobalScript.Support.UserGlobalScriptManger::ExecuteLoadInit@0] ExecuteLoadInit start

2025-11-15 10:05:41.712 INFO  [3] [VM.GlobalScript.Support.UserGlobalScriptManger::compileGlobalScript@0] Compile begin

2025-11-15 10:05:41.720 INFO  [14] [VM.GlobalScript.Support.UserGlobalScriptManger::ExecuteLoadInit@0] ExecuteLoadInit end

2025-11-15 10:05:42.090 INFO  [3] [VM.GlobalScript.Support.UserGlobalScriptSupport::CompileCode@0] 2025-11-15 10:05:42:090 : Compile complete -- 0 Errors, 0 Warnings 


2025-11-15 10:05:42.147 INFO  [3] [VM.GlobalScript.Support.UserGlobalScriptManger::updateBackFile@0] Update BackFile end

2025-11-15 10:05:42.160 INFO  [3] [VM.GlobalScript.Support.UserGlobalScriptManger::compileGlobalScript@0] Compile end

2025-11-15 10:05:42.168 INFO  [18] [VM.GlobalScript.Support.UserGlobalScriptManger::loadInitAction@0] ExecuteLoadInit start

2025-11-15 10:06:13.840 INFO  [1] [VM.GlobalScript.Support.UserGlobalScriptManger::CloseScript@0] CloseScript start

2025-11-15 10:06:13.865 INFO  [1] [VM.GlobalScript.Support.UserGlobalScriptManger::CloseScript@0] Global script cancel UinitSDK end

2025-11-15 10:06:13.874 INFO  [1] [VM.GlobalScript.Support.UserGlobalScriptManger::CloseScript@0] CloseScript end

2025-11-15 10:06:58.779 INFO  [1] [VMGlobalScript.GlobalScript::Init@0]  ====================================================V4.3.0 GlobalScript Start Print Log====================================================

2025-11-15 10:07:00.669 INFO  [15] [VM.GlobalScript.Support.UserGlobalScriptManger::CloseScript@0] CloseScript start

2025-11-15 10:07:00.677 INFO  [15] [VM.GlobalScript.Support.UserGlobalScriptManger::CloseScript@0] CloseScript end

2025-11-15 10:07:00.931 INFO  [15] [VM.GlobalScript.Support.UserGlobalScriptManger::LoadSolution@0] Load solution start

2025-11-15 10:07:01.102 INFO  [15] [VM.GlobalScript.Support.UserGlobalScriptManger::LoadSolution@0] Load solution end

2025-11-15 10:07:01.127 INFO  [15] [VM.GlobalScript.Support.UserGlobalScriptManger::ExecuteLoadInit@0] ExecuteLoadInit start

2025-11-15 10:07:01.135 INFO  [15] [VM.GlobalScript.Support.UserGlobalScriptManger::ExecuteLoadInit@0] ExecuteLoadInit end

2025-11-15 10:07:01.135 INFO  [4] [VM.GlobalScript.Support.UserGlobalScriptManger::compileGlobalScript@0] Compile begin

2025-11-15 10:07:01.475 INFO  [4] [VM.GlobalScript.Support.UserGlobalScriptSupport::CompileCode@0] 2025-11-15 10:07:01:475 : Compile complete -- 0 Errors, 0 Warnings 


2025-11-15 10:07:01.534 INFO  [4] [VM.GlobalScript.Support.UserGlobalScriptManger::updateBackFile@0] Update BackFile end

2025-11-15 10:07:01.563 INFO  [4] [VM.GlobalScript.Support.UserGlobalScriptManger::compileGlobalScript@0] Compile end

2025-11-15 10:07:01.575 INFO  [18] [VM.GlobalScript.Support.UserGlobalScriptManger::loadInitAction@0] ExecuteLoadInit start

2025-11-15 10:07:45.324 INFO  [1] [VM.GlobalScript.Support.UserGlobalScriptManger::CloseScript@0] CloseScript start

2025-11-15 10:07:45.345 INFO  [1] [VM.GlobalScript.Support.UserGlobalScriptManger::CloseScript@0] Global script cancel UinitSDK end

2025-11-15 10:07:45.351 INFO  [1] [VM.GlobalScript.Support.UserGlobalScriptManger::CloseScript@0] CloseScript end

2025-11-15 10:11:47.949 INFO  [1] [VMGlobalScript.GlobalScript::Init@0]  ====================================================V4.3.0 GlobalScript Start Print Log====================================================

2025-11-15 10:11:49.554 INFO  [15] [VM.GlobalScript.Support.UserGlobalScriptManger::CloseScript@0] CloseScript start

2025-11-15 10:11:49.561 INFO  [15] [VM.GlobalScript.Support.UserGlobalScriptManger::CloseScript@0] CloseScript end

2025-11-15 10:11:49.864 INFO  [15] [VM.GlobalScript.Support.UserGlobalScriptManger::LoadSolution@0] Load solution start

2025-11-15 10:11:50.040 INFO  [15] [VM.GlobalScript.Support.UserGlobalScriptManger::LoadSolution@0] Load solution end

2025-11-15 10:11:50.064 INFO  [15] [VM.GlobalScript.Support.UserGlobalScriptManger::ExecuteLoadInit@0] ExecuteLoadInit start

2025-11-15 10:11:50.069 INFO  [15] [VM.GlobalScript.Support.UserGlobalScriptManger::ExecuteLoadInit@0] ExecuteLoadInit end

2025-11-15 10:11:50.068 INFO  [13] [VM.GlobalScript.Support.UserGlobalScriptManger::compileGlobalScript@0] Compile begin

2025-11-15 10:11:50.408 INFO  [13] [VM.GlobalScript.Support.UserGlobalScriptSupport::CompileCode@0] 2025-11-15 10:11:50:408 : Compile complete -- 0 Errors, 0 Warnings 


2025-11-15 10:11:50.467 INFO  [13] [VM.GlobalScript.Support.UserGlobalScriptManger::updateBackFile@0] Update BackFile end

2025-11-15 10:11:50.473 INFO  [13] [VM.GlobalScript.Support.UserGlobalScriptManger::compileGlobalScript@0] Compile end

2025-11-15 10:11:50.478 INFO  [3] [VM.GlobalScript.Support.UserGlobalScriptManger::loadInitAction@0] ExecuteLoadInit start

2025-11-15 10:12:31.527 INFO  [1] [VM.GlobalScript.Support.UserGlobalScriptManger::CloseScript@0] CloseScript start

2025-11-15 10:12:31.556 INFO  [1] [VM.GlobalScript.Support.UserGlobalScriptManger::CloseScript@0] Global script cancel UinitSDK end

2025-11-15 10:12:31.561 INFO  [1] [VM.GlobalScript.Support.UserGlobalScriptManger::CloseScript@0] CloseScript end

2025-11-15 10:19:59.581 INFO  [1] [VMGlobalScript.GlobalScript::Init@0]  ====================================================V4.3.0 GlobalScript Start Print Log====================================================

2025-11-15 10:20:01.304 INFO  [14] [VM.GlobalScript.Support.UserGlobalScriptManger::CloseScript@0] CloseScript start

2025-11-15 10:20:01.312 INFO  [14] [VM.GlobalScript.Support.UserGlobalScriptManger::CloseScript@0] CloseScript end

2025-11-15 10:20:01.687 INFO  [14] [VM.GlobalScript.Support.UserGlobalScriptManger::LoadSolution@0] Load solution start

2025-11-15 10:20:01.959 INFO  [14] [VM.GlobalScript.Support.UserGlobalScriptManger::LoadSolution@0] Load solution end

2025-11-15 10:20:01.987 INFO  [14] [VM.GlobalScript.Support.UserGlobalScriptManger::ExecuteLoadInit@0] ExecuteLoadInit start

2025-11-15 10:20:01.989 INFO  [17] [VM.GlobalScript.Support.UserGlobalScriptManger::compileGlobalScript@0] Compile begin

2025-11-15 10:20:01.993 INFO  [14] [VM.GlobalScript.Support.UserGlobalScriptManger::ExecuteLoadInit@0] ExecuteLoadInit end

2025-11-15 10:20:02.337 INFO  [17] [VM.GlobalScript.Support.UserGlobalScriptSupport::CompileCode@0] 2025-11-15 10:20:02:337 : Compile complete -- 0 Errors, 0 Warnings 


2025-11-15 10:20:02.398 INFO  [17] [VM.GlobalScript.Support.UserGlobalScriptManger::updateBackFile@0] Update BackFile end

2025-11-15 10:20:02.417 INFO  [17] [VM.GlobalScript.Support.UserGlobalScriptManger::compileGlobalScript@0] Compile end

2025-11-15 10:20:02.425 INFO  [4] [VM.GlobalScript.Support.UserGlobalScriptManger::loadInitAction@0] ExecuteLoadInit start

2025-11-15 10:52:54.518 INFO  [1] [VMGlobalScript.GlobalScript::Init@0]  ====================================================V4.3.0 GlobalScript Start Print Log====================================================

2025-11-15 10:52:57.550 INFO  [17] [VM.GlobalScript.Support.UserGlobalScriptManger::CloseScript@0] CloseScript start

2025-11-15 10:52:57.556 INFO  [17] [VM.GlobalScript.Support.UserGlobalScriptManger::CloseScript@0] CloseScript end

2025-11-15 10:52:57.995 INFO  [17] [VM.GlobalScript.Support.UserGlobalScriptManger::LoadSolution@0] Load solution start

2025-11-15 10:52:58.097 INFO  [17] [VM.GlobalScript.Support.UserGlobalScriptManger::LoadSolution@0] Load solution end

2025-11-15 10:52:58.112 INFO  [17] [VM.GlobalScript.Support.UserGlobalScriptManger::ExecuteLoadInit@0] ExecuteLoadInit start

2025-11-15 10:52:58.117 INFO  [17] [VM.GlobalScript.Support.UserGlobalScriptManger::ExecuteLoadInit@0] ExecuteLoadInit end

2025-11-15 10:52:58.131 INFO  [4] [VM.GlobalScript.Support.UserGlobalScriptManger::compileGlobalScript@0] Compile begin

2025-11-15 10:52:58.621 INFO  [4] [VM.GlobalScript.Support.UserGlobalScriptSupport::CompileCode@0] 2025-11-15 10:52:58:621 : Compile complete -- 0 Errors, 0 Warnings 


2025-11-15 10:52:58.667 INFO  [4] [VM.GlobalScript.Support.UserGlobalScriptManger::updateBackFile@0] Update BackFile end

2025-11-15 10:52:58.670 INFO  [4] [VM.GlobalScript.Support.UserGlobalScriptManger::compileGlobalScript@0] Compile end

2025-11-15 10:52:58.674 INFO  [3] [VM.GlobalScript.Support.UserGlobalScriptManger::loadInitAction@0] ExecuteLoadInit start

2025-11-15 10:53:28.136 INFO  [1] [VM.GlobalScript.Support.UserGlobalScriptManger::CloseScript@0] CloseScript start

2025-11-15 10:53:28.158 INFO  [1] [VM.GlobalScript.Support.UserGlobalScriptManger::CloseScript@0] Global script cancel UinitSDK end

2025-11-15 10:53:28.164 INFO  [1] [VM.GlobalScript.Support.UserGlobalScriptManger::CloseScript@0] CloseScript end

2025-11-15 10:56:50.786 INFO  [1] [VMGlobalScript.GlobalScript::Init@0]  ====================================================V4.3.0 GlobalScript Start Print Log====================================================

2025-11-15 10:56:52.386 INFO  [17] [VM.GlobalScript.Support.UserGlobalScriptManger::CloseScript@0] CloseScript start

2025-11-15 10:56:52.392 INFO  [17] [VM.GlobalScript.Support.UserGlobalScriptManger::CloseScript@0] CloseScript end

2025-11-15 10:56:52.599 INFO  [17] [VM.GlobalScript.Support.UserGlobalScriptManger::LoadSolution@0] Load solution start

2025-11-15 10:56:52.683 INFO  [17] [VM.GlobalScript.Support.UserGlobalScriptManger::LoadSolution@0] Load solution end

2025-11-15 10:56:52.698 INFO  [17] [VM.GlobalScript.Support.UserGlobalScriptManger::ExecuteLoadInit@0] ExecuteLoadInit start

2025-11-15 10:56:52.702 INFO  [17] [VM.GlobalScript.Support.UserGlobalScriptManger::ExecuteLoadInit@0] ExecuteLoadInit end

2025-11-15 10:56:52.702 INFO  [4] [VM.GlobalScript.Support.UserGlobalScriptManger::compileGlobalScript@0] Compile begin

2025-11-15 10:56:52.962 INFO  [4] [VM.GlobalScript.Support.UserGlobalScriptSupport::CompileCode@0] 2025-11-15 10:56:52:962 : Compile complete -- 0 Errors, 0 Warnings 


2025-11-15 10:56:52.999 INFO  [4] [VM.GlobalScript.Support.UserGlobalScriptManger::updateBackFile@0] Update BackFile end

2025-11-15 10:56:53.003 INFO  [4] [VM.GlobalScript.Support.UserGlobalScriptManger::compileGlobalScript@0] Compile end

2025-11-15 10:56:53.011 INFO  [18] [VM.GlobalScript.Support.UserGlobalScriptManger::loadInitAction@0] ExecuteLoadInit start

2025-11-15 10:57:03.179 INFO  [1] [VM.GlobalScript.Support.UserGlobalScriptManger::CloseScript@0] CloseScript start

2025-11-15 10:57:03.198 INFO  [1] [VM.GlobalScript.Support.UserGlobalScriptManger::CloseScript@0] Global script cancel UinitSDK end

2025-11-15 10:57:03.202 INFO  [1] [VM.GlobalScript.Support.UserGlobalScriptManger::CloseScript@0] CloseScript end

2025-11-15 10:57:31.960 INFO  [1] [VMGlobalScript.GlobalScript::Init@0]  ====================================================V4.3.0 GlobalScript Start Print Log====================================================

2025-11-15 10:57:33.519 INFO  [17] [VM.GlobalScript.Support.UserGlobalScriptManger::CloseScript@0] CloseScript start

2025-11-15 10:57:33.527 INFO  [17] [VM.GlobalScript.Support.UserGlobalScriptManger::CloseScript@0] CloseScript end

2025-11-15 10:57:33.752 INFO  [17] [VM.GlobalScript.Support.UserGlobalScriptManger::LoadSolution@0] Load solution start

2025-11-15 10:57:33.837 INFO  [17] [VM.GlobalScript.Support.UserGlobalScriptManger::LoadSolution@0] Load solution end

2025-11-15 10:57:33.852 INFO  [17] [VM.GlobalScript.Support.UserGlobalScriptManger::ExecuteLoadInit@0] ExecuteLoadInit start

2025-11-15 10:57:33.856 INFO  [17] [VM.GlobalScript.Support.UserGlobalScriptManger::ExecuteLoadInit@0] ExecuteLoadInit end

2025-11-15 10:57:33.854 INFO  [3] [VM.GlobalScript.Support.UserGlobalScriptManger::compileGlobalScript@0] Compile begin

2025-11-15 10:57:34.121 INFO  [3] [VM.GlobalScript.Support.UserGlobalScriptSupport::CompileCode@0] 2025-11-15 10:57:34:121 : Compile complete -- 0 Errors, 0 Warnings 


2025-11-15 10:57:34.166 INFO  [3] [VM.GlobalScript.Support.UserGlobalScriptManger::updateBackFile@0] Update BackFile end

2025-11-15 10:57:34.172 INFO  [3] [VM.GlobalScript.Support.UserGlobalScriptManger::compileGlobalScript@0] Compile end

2025-11-15 10:57:34.182 INFO  [4] [VM.GlobalScript.Support.UserGlobalScriptManger::loadInitAction@0] ExecuteLoadInit start

2025-11-15 10:57:41.776 INFO  [1] [VM.GlobalScript.Support.UserGlobalScriptManger::CloseScript@0] CloseScript start

2025-11-15 10:57:41.790 INFO  [1] [VM.GlobalScript.Support.UserGlobalScriptManger::CloseScript@0] Global script cancel UinitSDK end

2025-11-15 10:57:41.794 INFO  [1] [VM.GlobalScript.Support.UserGlobalScriptManger::CloseScript@0] CloseScript end

2025-11-17 15:21:43.498 INFO  [1] [VMGlobalScript.GlobalScript::Init@0]  ====================================================V4.3.0 GlobalScript Start Print Log====================================================

2025-11-17 15:21:48.674 INFO  [4] [VM.GlobalScript.Support.GlobalManager::objLoadDefaultScriptTime_Elapsed@0] Load default globalScript begin

2025-11-17 15:21:48.715 INFO  [4] [VM.GlobalScript.Support.UserGlobalScriptManger::compileGlobalScript@0] Compile begin

2025-11-17 15:21:49.803 INFO  [4] [VM.GlobalScript.Support.UserGlobalScriptSupport::CompileCode@0] 2025-11-17 15:21:49:803 : Compile complete -- 0 Errors, 0 Warnings 


2025-11-17 15:21:49.908 INFO  [4] [VM.GlobalScript.Support.UserGlobalScriptManger::updateBackFile@0] Update BackFile end

2025-11-17 15:21:49.909 INFO  [4] [VM.GlobalScript.Support.UserGlobalScriptManger::compileGlobalScript@0] Compile end

2025-11-17 15:21:49.919 INFO  [4] [VM.GlobalScript.Support.GlobalManager::objLoadDefaultScriptTime_Elapsed@0] Load default globalScript end

2025-11-17 15:22:12.189 INFO  [27] [VM.GlobalScript.Support.UserGlobalScriptManger::CloseScript@0] CloseScript start

2025-11-17 15:22:12.213 INFO  [27] [VM.GlobalScript.Support.UserGlobalScriptManger::CloseScript@0] CloseScript end

2025-11-17 15:22:12.459 INFO  [27] [VM.GlobalScript.Support.UserGlobalScriptManger::LoadSolution@0] Load solution start

2025-11-17 15:22:12.504 INFO  [27] [VM.GlobalScript.Support.UserGlobalScriptManger::LoadSolution@0] Load solution end

2025-11-17 15:22:12.512 INFO  [3] [VM.GlobalScript.Support.UserGlobalScriptManger::compileGlobalScript@0] Compile begin

2025-11-17 15:22:12.525 INFO  [3] [VM.GlobalScript.Support.UserGlobalScriptSupport::CompileCode@0] 2025-11-17 15:22:12:525 : Compile complete -- 0 Errors, 0 Warnings 


2025-11-17 15:22:12.534 INFO  [3] [VM.GlobalScript.Support.UserGlobalScriptManger::updateBackFile@0] Update BackFile end

2025-11-17 15:22:12.545 INFO  [3] [VM.GlobalScript.Support.UserGlobalScriptManger::compileGlobalScript@0] Compile end

2025-11-17 15:22:13.010 INFO  [27] [VM.GlobalScript.Support.UserGlobalScriptManger::ExecuteLoadInit@0] ExecuteLoadInit start

2025-11-17 15:22:13.018 INFO  [27] [VM.GlobalScript.Support.UserGlobalScriptManger::ExecuteLoadInit@0] ExecuteLoadInit end

2025-11-17 15:22:13.018 INFO  [20] [VM.GlobalScript.Support.UserGlobalScriptManger::loadInitAction@0] ExecuteLoadInit start

2025-11-17 15:23:35.203 INFO  [1] [VM.GlobalScript.Support.UserGlobalScriptManger::CloseScript@0] CloseScript start

2025-11-17 15:23:35.275 INFO  [1] [VM.GlobalScript.Support.UserGlobalScriptManger::CloseScript@0] Global script cancel UinitSDK end

2025-11-17 15:23:35.281 INFO  [1] [VM.GlobalScript.Support.UserGlobalScriptManger::CloseScript@0] CloseScript end

2025-11-17 15:55:27.800 INFO  [1] [VMGlobalScript.GlobalScript::Init@0]  ====================================================V4.3.0 GlobalScript Start Print Log====================================================

2025-11-17 15:55:32.957 INFO  [3] [VM.GlobalScript.Support.GlobalManager::objLoadDefaultScriptTime_Elapsed@0] Load default globalScript begin

2025-11-17 15:55:32.982 INFO  [3] [VM.GlobalScript.Support.UserGlobalScriptManger::compileGlobalScript@0] Compile begin

2025-11-17 15:55:33.832 INFO  [3] [VM.GlobalScript.Support.UserGlobalScriptSupport::CompileCode@0] 2025-11-17 15:55:33:832 : Compile complete -- 0 Errors, 0 Warnings 


2025-11-17 15:55:33.919 INFO  [3] [VM.GlobalScript.Support.UserGlobalScriptManger::updateBackFile@0] Update BackFile end

2025-11-17 15:55:33.927 INFO  [3] [VM.GlobalScript.Support.UserGlobalScriptManger::compileGlobalScript@0] Compile end

2025-11-17 15:55:33.937 INFO  [3] [VM.GlobalScript.Support.GlobalManager::objLoadDefaultScriptTime_Elapsed@0] Load default globalScript end

2025-11-17 15:55:52.116 INFO  [18] [VM.GlobalScript.Support.UserGlobalScriptManger::CloseScript@0] CloseScript start

2025-11-17 15:55:52.118 INFO  [18] [VM.GlobalScript.Support.UserGlobalScriptManger::CloseScript@0] CloseScript end

2025-11-17 15:55:52.318 INFO  [18] [VM.GlobalScript.Support.UserGlobalScriptManger::LoadSolution@0] Load solution start

2025-11-17 15:55:52.349 INFO  [18] [VM.GlobalScript.Support.UserGlobalScriptManger::LoadSolution@0] Load solution end

2025-11-17 15:55:52.366 INFO  [4] [VM.GlobalScript.Support.UserGlobalScriptManger::compileGlobalScript@0] Compile begin

2025-11-17 15:55:52.381 INFO  [4] [VM.GlobalScript.Support.UserGlobalScriptSupport::CompileCode@0] 2025-11-17 15:55:52:381 : Compile complete -- 0 Errors, 0 Warnings 


2025-11-17 15:55:52.404 INFO  [18] [VM.GlobalScript.Support.UserGlobalScriptManger::ExecuteLoadInit@0] ExecuteLoadInit start

2025-11-17 15:55:52.404 INFO  [4] [VM.GlobalScript.Support.UserGlobalScriptManger::updateBackFile@0] Update BackFile end

2025-11-17 15:55:52.418 INFO  [4] [VM.GlobalScript.Support.UserGlobalScriptManger::compileGlobalScript@0] Compile end

2025-11-17 15:55:52.423 INFO  [22] [VM.GlobalScript.Support.UserGlobalScriptManger::loadInitAction@0] ExecuteLoadInit start

2025-11-17 15:55:52.404 INFO  [18] [VM.GlobalScript.Support.UserGlobalScriptManger::ExecuteLoadInit@0] ExecuteLoadInit end

2025-11-17 15:56:13.851 INFO  [1] [VMGlobalScript.GlobalScript::Init@0]  ====================================================V4.3.0 GlobalScript Start Print Log====================================================

2025-11-17 15:56:19.015 INFO  [3] [VM.GlobalScript.Support.GlobalManager::objLoadDefaultScriptTime_Elapsed@0] Load default globalScript begin

2025-11-17 15:56:19.039 INFO  [3] [VM.GlobalScript.Support.UserGlobalScriptManger::compileGlobalScript@0] Compile begin

2025-11-17 15:56:19.445 INFO  [3] [VM.GlobalScript.Support.UserGlobalScriptSupport::CompileCode@0] 2025-11-17 15:56:19:445 : Compile complete -- 0 Errors, 0 Warnings 


2025-11-17 15:56:19.540 INFO  [3] [VM.GlobalScript.Support.UserGlobalScriptManger::updateBackFile@0] Update BackFile end

2025-11-17 15:56:19.547 INFO  [3] [VM.GlobalScript.Support.UserGlobalScriptManger::compileGlobalScript@0] Compile end

2025-11-17 15:56:19.555 INFO  [3] [VM.GlobalScript.Support.GlobalManager::objLoadDefaultScriptTime_Elapsed@0] Load default globalScript end

2025-11-17 15:56:37.667 INFO  [15] [VM.GlobalScript.Support.UserGlobalScriptManger::CloseScript@0] CloseScript start

2025-11-17 15:56:37.696 INFO  [15] [VM.GlobalScript.Support.UserGlobalScriptManger::CloseScript@0] CloseScript end

2025-11-17 15:56:37.928 INFO  [15] [VM.GlobalScript.Support.UserGlobalScriptManger::LoadSolution@0] Load solution start

2025-11-17 15:56:37.970 INFO  [15] [VM.GlobalScript.Support.UserGlobalScriptManger::LoadSolution@0] Load solution end

2025-11-17 15:56:37.986 INFO  [4] [VM.GlobalScript.Support.UserGlobalScriptManger::compileGlobalScript@0] Compile begin

2025-11-17 15:56:37.992 INFO  [4] [VM.GlobalScript.Support.UserGlobalScriptSupport::CompileCode@0] 2025-11-17 15:56:37:992 : Compile complete -- 0 Errors, 0 Warnings 


2025-11-17 15:56:38.012 INFO  [4] [VM.GlobalScript.Support.UserGlobalScriptManger::updateBackFile@0] Update BackFile end

2025-11-17 15:56:38.017 INFO  [4] [VM.GlobalScript.Support.UserGlobalScriptManger::compileGlobalScript@0] Compile end

2025-11-17 15:56:38.882 INFO  [15] [VM.GlobalScript.Support.UserGlobalScriptManger::ExecuteLoadInit@0] ExecuteLoadInit start

2025-11-17 15:56:38.886 INFO  [15] [VM.GlobalScript.Support.UserGlobalScriptManger::ExecuteLoadInit@0] ExecuteLoadInit end

2025-11-17 15:56:38.886 INFO  [18] [VM.GlobalScript.Support.UserGlobalScriptManger::loadInitAction@0] ExecuteLoadInit start

2025-11-17 15:56:44.949 INFO  [15] [VM.GlobalScript.Support.UserGlobalScriptManger::CloseScript@0] CloseScript start

2025-11-17 15:56:44.958 INFO  [15] [VM.GlobalScript.Support.UserGlobalScriptManger::CloseScript@0] CloseScript end

2025-11-17 15:56:45.053 INFO  [15] [VM.GlobalScript.Support.UserGlobalScriptManger::LoadSolution@0] Load solution start

2025-11-17 15:56:45.060 INFO  [15] [VM.GlobalScript.Support.UserGlobalScriptManger::LoadSolution@0] Load solution end

2025-11-17 15:56:45.073 INFO  [18] [VM.GlobalScript.Support.UserGlobalScriptManger::compileGlobalScript@0] Compile begin

2025-11-17 15:56:45.137 INFO  [18] [VM.GlobalScript.Support.UserGlobalScriptSupport::CompileCode@0] 2025-11-17 15:56:45:137 : Compile complete -- 0 Errors, 0 Warnings 


2025-11-17 15:56:45.150 INFO  [18] [VM.GlobalScript.Support.UserGlobalScriptManger::updateBackFile@0] Update BackFile end

2025-11-17 15:56:45.155 INFO  [18] [VM.GlobalScript.Support.UserGlobalScriptManger::compileGlobalScript@0] Compile end

2025-11-17 15:56:47.874 INFO  [15] [VM.GlobalScript.Support.UserGlobalScriptManger::ExecuteLoadInit@0] ExecuteLoadInit start

2025-11-17 15:56:47.881 INFO  [15] [VM.GlobalScript.Support.UserGlobalScriptManger::ExecuteLoadInit@0] ExecuteLoadInit end

2025-11-17 15:56:47.881 INFO  [18] [VM.GlobalScript.Support.UserGlobalScriptManger::loadInitAction@0] ExecuteLoadInit start

2025-11-17 16:02:08.379 INFO  [1] [VMGlobalScript.GlobalScript::Init@0]  ====================================================V4.3.0 GlobalScript Start Print Log====================================================

2025-11-17 16:02:13.538 INFO  [3] [VM.GlobalScript.Support.GlobalManager::objLoadDefaultScriptTime_Elapsed@0] Load default globalScript begin

2025-11-17 16:02:13.564 INFO  [3] [VM.GlobalScript.Support.UserGlobalScriptManger::compileGlobalScript@0] Compile begin

2025-11-17 16:02:14.442 INFO  [3] [VM.GlobalScript.Support.UserGlobalScriptSupport::CompileCode@0] 2025-11-17 16:02:14:442 : Compile complete -- 0 Errors, 0 Warnings 


2025-11-17 16:02:14.520 INFO  [3] [VM.GlobalScript.Support.UserGlobalScriptManger::updateBackFile@0] Update BackFile end

2025-11-17 16:02:14.530 INFO  [3] [VM.GlobalScript.Support.UserGlobalScriptManger::compileGlobalScript@0] Compile end

2025-11-17 16:02:14.539 INFO  [3] [VM.GlobalScript.Support.GlobalManager::objLoadDefaultScriptTime_Elapsed@0] Load default globalScript end

2025-11-17 16:02:32.477 INFO  [18] [VM.GlobalScript.Support.UserGlobalScriptManger::CloseScript@0] CloseScript start

2025-11-17 16:02:32.498 INFO  [18] [VM.GlobalScript.Support.UserGlobalScriptManger::CloseScript@0] CloseScript end

2025-11-17 16:02:32.738 INFO  [18] [VM.GlobalScript.Support.UserGlobalScriptManger::LoadSolution@0] Load solution start

2025-11-17 16:02:32.758 INFO  [18] [VM.GlobalScript.Support.UserGlobalScriptManger::LoadSolution@0] Load solution end

2025-11-17 16:02:32.791 INFO  [4] [VM.GlobalScript.Support.UserGlobalScriptManger::compileGlobalScript@0] Compile begin

2025-11-17 16:02:32.808 INFO  [4] [VM.GlobalScript.Support.UserGlobalScriptSupport::CompileCode@0] 2025-11-17 16:02:32:808 : Compile complete -- 0 Errors, 0 Warnings 


2025-11-17 16:02:32.812 INFO  [18] [VM.GlobalScript.Support.UserGlobalScriptManger::ExecuteLoadInit@0] ExecuteLoadInit start

2025-11-17 16:02:32.822 INFO  [18] [VM.GlobalScript.Support.UserGlobalScriptManger::ExecuteLoadInit@0] ExecuteLoadInit end

2025-11-17 16:02:32.822 INFO  [4] [VM.GlobalScript.Support.UserGlobalScriptManger::updateBackFile@0] Update BackFile end

2025-11-17 16:02:32.834 INFO  [4] [VM.GlobalScript.Support.UserGlobalScriptManger::compileGlobalScript@0] Compile end

2025-11-17 16:02:32.838 INFO  [3] [VM.GlobalScript.Support.UserGlobalScriptManger::loadInitAction@0] ExecuteLoadInit start

2025-11-18 13:43:26.184 INFO  [1] [VMGlobalScript.GlobalScript::Init@0]  ====================================================V4.3.0 GlobalScript Start Print Log====================================================

2025-11-18 13:43:45.991 INFO  [1] [VMGlobalScript.GlobalScript::Init@0]  ====================================================V4.3.0 GlobalScript Start Print Log====================================================

2025-11-18 13:43:52.046 INFO  [3] [VM.GlobalScript.Support.GlobalManager::objLoadDefaultScriptTime_Elapsed@0] Load default globalScript begin

2025-11-18 13:44:20.937 INFO  [1] [VMGlobalScript.GlobalScript::Init@0]  ====================================================V4.3.0 GlobalScript Start Print Log====================================================

2025-11-18 13:46:15.100 INFO  [1] [VMGlobalScript.GlobalScript::Init@0]  ====================================================V4.3.0 GlobalScript Start Print Log====================================================

2025-11-18 13:46:20.237 INFO  [3] [VM.GlobalScript.Support.GlobalManager::objLoadDefaultScriptTime_Elapsed@0] Load default globalScript begin

2025-11-18 13:46:20.268 INFO  [3] [VM.GlobalScript.Support.UserGlobalScriptManger::compileGlobalScript@0] Compile begin

2025-11-18 13:46:21.113 INFO  [3] [VM.GlobalScript.Support.UserGlobalScriptSupport::CompileCode@0] 2025-11-18 13:46:21:113 : Compile complete -- 0 Errors, 0 Warnings 


2025-11-18 13:46:21.195 INFO  [3] [VM.GlobalScript.Support.UserGlobalScriptManger::updateBackFile@0] Update BackFile end

2025-11-18 13:46:21.203 INFO  [3] [VM.GlobalScript.Support.UserGlobalScriptManger::compileGlobalScript@0] Compile end

2025-11-18 13:46:21.208 INFO  [3] [VM.GlobalScript.Support.GlobalManager::objLoadDefaultScriptTime_Elapsed@0] Load default globalScript end

2025-11-18 13:46:40.328 INFO  [18] [VM.GlobalScript.Support.UserGlobalScriptManger::CloseScript@0] CloseScript start

2025-11-18 13:46:40.340 INFO  [18] [VM.GlobalScript.Support.UserGlobalScriptManger::CloseScript@0] CloseScript end

2025-11-18 13:46:40.569 INFO  [18] [VM.GlobalScript.Support.UserGlobalScriptManger::LoadSolution@0] Load solution start

2025-11-18 13:46:40.606 INFO  [18] [VM.GlobalScript.Support.UserGlobalScriptManger::LoadSolution@0] Load solution end

2025-11-18 13:46:40.621 INFO  [4] [VM.GlobalScript.Support.UserGlobalScriptManger::compileGlobalScript@0] Compile begin

2025-11-18 13:46:40.638 INFO  [4] [VM.GlobalScript.Support.UserGlobalScriptSupport::CompileCode@0] 2025-11-18 13:46:40:638 : Compile complete -- 0 Errors, 0 Warnings 


2025-11-18 13:46:40.642 INFO  [18] [VM.GlobalScript.Support.UserGlobalScriptManger::ExecuteLoadInit@0] ExecuteLoadInit start

2025-11-18 13:46:40.652 INFO  [18] [VM.GlobalScript.Support.UserGlobalScriptManger::ExecuteLoadInit@0] ExecuteLoadInit end

2025-11-18 13:46:40.650 INFO  [4] [VM.GlobalScript.Support.UserGlobalScriptManger::updateBackFile@0] Update BackFile end

2025-11-18 13:46:40.664 INFO  [4] [VM.GlobalScript.Support.UserGlobalScriptManger::compileGlobalScript@0] Compile end

2025-11-18 13:46:40.668 INFO  [3] [VM.GlobalScript.Support.UserGlobalScriptManger::loadInitAction@0] ExecuteLoadInit start

2025-11-18 13:47:01.213 INFO  [1] [VM.GlobalScript.Support.UserGlobalScriptManger::CloseScript@0] CloseScript start

2025-11-18 13:47:01.236 INFO  [1] [VM.GlobalScript.Support.UserGlobalScriptManger::CloseScript@0] Global script cancel UinitSDK end

2025-11-18 13:47:01.242 INFO  [1] [VM.GlobalScript.Support.UserGlobalScriptManger::CloseScript@0] CloseScript end

2025-11-18 15:32:25.198 INFO  [1] [VMGlobalScript.GlobalScript::Init@0]  ====================================================V4.3.0 GlobalScript Start Print Log====================================================

2025-11-18 15:32:30.301 INFO  [3] [VM.GlobalScript.Support.GlobalManager::objLoadDefaultScriptTime_Elapsed@0] Load default globalScript begin

2025-11-18 15:32:30.319 INFO  [3] [VM.GlobalScript.Support.UserGlobalScriptManger::compileGlobalScript@0] Compile begin

2025-11-18 15:32:30.555 INFO  [3] [VM.GlobalScript.Support.UserGlobalScriptSupport::CompileCode@0] 2025-11-18 15:32:30:555 : Compile complete -- 0 Errors, 0 Warnings 


2025-11-18 15:32:30.627 INFO  [3] [VM.GlobalScript.Support.UserGlobalScriptManger::updateBackFile@0] Update BackFile end

2025-11-18 15:32:30.633 INFO  [3] [VM.GlobalScript.Support.UserGlobalScriptManger::compileGlobalScript@0] Compile end

2025-11-18 15:32:30.637 INFO  [3] [VM.GlobalScript.Support.GlobalManager::objLoadDefaultScriptTime_Elapsed@0] Load default globalScript end

2025-11-18 15:32:47.965 INFO  [19] [VM.GlobalScript.Support.UserGlobalScriptManger::CloseScript@0] CloseScript start

2025-11-18 15:32:47.979 INFO  [19] [VM.GlobalScript.Support.UserGlobalScriptManger::CloseScript@0] CloseScript end

2025-11-18 15:32:48.180 INFO  [19] [VM.GlobalScript.Support.UserGlobalScriptManger::LoadSolution@0] Load solution start

2025-11-18 15:32:48.235 INFO  [19] [VM.GlobalScript.Support.UserGlobalScriptManger::LoadSolution@0] Load solution end

2025-11-18 15:32:48.247 INFO  [4] [VM.GlobalScript.Support.UserGlobalScriptManger::compileGlobalScript@0] Compile begin

2025-11-18 15:32:48.262 INFO  [4] [VM.GlobalScript.Support.UserGlobalScriptSupport::CompileCode@0] 2025-11-18 15:32:48:262 : Compile complete -- 0 Errors, 0 Warnings 


2025-11-18 15:32:48.267 INFO  [19] [VM.GlobalScript.Support.UserGlobalScriptManger::ExecuteLoadInit@0] ExecuteLoadInit start

2025-11-18 15:32:48.274 INFO  [4] [VM.GlobalScript.Support.UserGlobalScriptManger::updateBackFile@0] Update BackFile end

2025-11-18 15:32:48.279 INFO  [4] [VM.GlobalScript.Support.UserGlobalScriptManger::compileGlobalScript@0] Compile end

2025-11-18 15:32:48.275 INFO  [19] [VM.GlobalScript.Support.UserGlobalScriptManger::ExecuteLoadInit@0] ExecuteLoadInit end

2025-11-18 15:32:48.285 INFO  [3] [VM.GlobalScript.Support.UserGlobalScriptManger::loadInitAction@0] ExecuteLoadInit start

2025-11-18 15:34:00.603 INFO  [19] [VM.GlobalScript.Support.UserGlobalScriptManger::CloseScript@0] CloseScript start

2025-11-18 15:34:00.612 INFO  [19] [VM.GlobalScript.Support.UserGlobalScriptManger::CloseScript@0] CloseScript end

2025-11-18 15:34:00.696 INFO  [19] [VM.GlobalScript.Support.UserGlobalScriptManger::LoadSolution@0] Load solution start

2025-11-18 15:34:00.703 INFO  [19] [VM.GlobalScript.Support.UserGlobalScriptManger::LoadSolution@0] Load solution end

2025-11-18 15:34:00.712 INFO  [22] [VM.GlobalScript.Support.UserGlobalScriptManger::compileGlobalScript@0] Compile begin

2025-11-18 15:34:00.750 INFO  [22] [VM.GlobalScript.Support.UserGlobalScriptSupport::CompileCode@0] 2025-11-18 15:34:00:750 : Compile complete -- 0 Errors, 0 Warnings 


2025-11-18 15:34:00.761 INFO  [22] [VM.GlobalScript.Support.UserGlobalScriptManger::updateBackFile@0] Update BackFile end

2025-11-18 15:34:00.767 INFO  [22] [VM.GlobalScript.Support.UserGlobalScriptManger::compileGlobalScript@0] Compile end

2025-11-18 15:34:02.127 INFO  [19] [VM.GlobalScript.Support.UserGlobalScriptManger::ExecuteLoadInit@0] ExecuteLoadInit start

2025-11-18 15:34:02.133 INFO  [19] [VM.GlobalScript.Support.UserGlobalScriptManger::ExecuteLoadInit@0] ExecuteLoadInit end

2025-11-18 15:34:02.133 INFO  [22] [VM.GlobalScript.Support.UserGlobalScriptManger::loadInitAction@0] ExecuteLoadInit start

2025-11-18 15:37:08.315 INFO  [1] [VMGlobalScript.GlobalScript::Init@0]  ====================================================V4.3.0 GlobalScript Start Print Log====================================================

2025-11-18 15:37:13.440 INFO  [3] [VM.GlobalScript.Support.GlobalManager::objLoadDefaultScriptTime_Elapsed@0] Load default globalScript begin

2025-11-18 15:37:13.459 INFO  [3] [VM.GlobalScript.Support.UserGlobalScriptManger::compileGlobalScript@0] Compile begin

2025-11-18 15:37:14.001 INFO  [3] [VM.GlobalScript.Support.UserGlobalScriptSupport::CompileCode@0] 2025-11-18 15:37:14:001 : Compile complete -- 0 Errors, 0 Warnings 


2025-11-18 15:37:14.075 INFO  [3] [VM.GlobalScript.Support.UserGlobalScriptManger::updateBackFile@0] Update BackFile end

2025-11-18 15:37:14.079 INFO  [3] [VM.GlobalScript.Support.UserGlobalScriptManger::compileGlobalScript@0] Compile end

2025-11-18 15:37:14.083 INFO  [3] [VM.GlobalScript.Support.GlobalManager::objLoadDefaultScriptTime_Elapsed@0] Load default globalScript end

2025-11-18 15:37:32.958 INFO  [5] [VM.GlobalScript.Support.UserGlobalScriptManger::CloseScript@0] CloseScript start

2025-11-18 15:37:32.970 INFO  [5] [VM.GlobalScript.Support.UserGlobalScriptManger::CloseScript@0] CloseScript end

2025-11-18 15:37:33.182 INFO  [5] [VM.GlobalScript.Support.UserGlobalScriptManger::LoadSolution@0] Load solution start

2025-11-18 15:37:33.215 INFO  [5] [VM.GlobalScript.Support.UserGlobalScriptManger::LoadSolution@0] Load solution end

2025-11-18 15:37:33.223 INFO  [5] [VM.GlobalScript.Support.UserGlobalScriptManger::ExecuteLoadInit@0] ExecuteLoadInit start

2025-11-18 15:37:33.229 INFO  [5] [VM.GlobalScript.Support.UserGlobalScriptManger::ExecuteLoadInit@0] ExecuteLoadInit end

2025-11-18 15:37:33.230 INFO  [4] [VM.GlobalScript.Support.UserGlobalScriptManger::compileGlobalScript@0] Compile begin

2025-11-18 15:37:33.247 INFO  [4] [VM.GlobalScript.Support.UserGlobalScriptSupport::CompileCode@0] 2025-11-18 15:37:33:247 : Compile complete -- 0 Errors, 0 Warnings 


2025-11-18 15:37:33.257 INFO  [4] [VM.GlobalScript.Support.UserGlobalScriptManger::updateBackFile@0] Update BackFile end

2025-11-18 15:37:33.262 INFO  [4] [VM.GlobalScript.Support.UserGlobalScriptManger::compileGlobalScript@0] Compile end

2025-11-18 15:37:33.266 INFO  [22] [VM.GlobalScript.Support.UserGlobalScriptManger::loadInitAction@0] ExecuteLoadInit start

2025-11-18 15:37:45.446 INFO  [5] [VM.GlobalScript.Support.UserGlobalScriptManger::CloseScript@0] CloseScript start

2025-11-18 15:37:45.456 INFO  [5] [VM.GlobalScript.Support.UserGlobalScriptManger::CloseScript@0] CloseScript end

2025-11-18 15:37:45.796 INFO  [5] [VM.GlobalScript.Support.UserGlobalScriptManger::LoadSolution@0] Load solution start

2025-11-18 15:37:45.802 INFO  [5] [VM.GlobalScript.Support.UserGlobalScriptManger::LoadSolution@0] Load solution end

2025-11-18 15:37:45.815 INFO  [4] [VM.GlobalScript.Support.UserGlobalScriptManger::compileGlobalScript@0] Compile begin

2025-11-18 15:37:46.092 INFO  [4] [VM.GlobalScript.Support.UserGlobalScriptSupport::CompileCode@0] 2025-11-18 15:37:46:092 : Compile complete -- 0 Errors, 0 Warnings 


2025-11-18 15:37:46.100 INFO  [4] [VM.GlobalScript.Support.UserGlobalScriptManger::updateBackFile@0] Update BackFile end

2025-11-18 15:37:46.106 INFO  [4] [VM.GlobalScript.Support.UserGlobalScriptManger::compileGlobalScript@0] Compile end

2025-11-18 15:37:47.587 INFO  [5] [VM.GlobalScript.Support.UserGlobalScriptManger::ExecuteLoadInit@0] ExecuteLoadInit start

2025-11-18 15:37:47.592 INFO  [5] [VM.GlobalScript.Support.UserGlobalScriptManger::ExecuteLoadInit@0] ExecuteLoadInit end

2025-11-18 15:37:47.593 INFO  [22] [VM.GlobalScript.Support.UserGlobalScriptManger::loadInitAction@0] ExecuteLoadInit start

2025-11-18 15:39:42.479 INFO  [1] [VMGlobalScript.GlobalScript::Init@0]  ====================================================V4.3.0 GlobalScript Start Print Log====================================================

2025-11-18 15:39:47.558 INFO  [3] [VM.GlobalScript.Support.GlobalManager::objLoadDefaultScriptTime_Elapsed@0] Load default globalScript begin

2025-11-18 15:39:47.576 INFO  [3] [VM.GlobalScript.Support.UserGlobalScriptManger::compileGlobalScript@0] Compile begin

2025-11-18 15:39:47.813 INFO  [3] [VM.GlobalScript.Support.UserGlobalScriptSupport::CompileCode@0] 2025-11-18 15:39:47:813 : Compile complete -- 0 Errors, 0 Warnings 


2025-11-18 15:39:47.890 INFO  [3] [VM.GlobalScript.Support.UserGlobalScriptManger::updateBackFile@0] Update BackFile end

2025-11-18 15:39:47.896 INFO  [3] [VM.GlobalScript.Support.UserGlobalScriptManger::compileGlobalScript@0] Compile end

2025-11-18 15:39:47.902 INFO  [3] [VM.GlobalScript.Support.GlobalManager::objLoadDefaultScriptTime_Elapsed@0] Load default globalScript end

2025-11-18 15:40:07.102 INFO  [18] [VM.GlobalScript.Support.UserGlobalScriptManger::CloseScript@0] CloseScript start

2025-11-18 15:40:07.110 INFO  [18] [VM.GlobalScript.Support.UserGlobalScriptManger::CloseScript@0] CloseScript end

2025-11-18 15:40:07.328 INFO  [18] [VM.GlobalScript.Support.UserGlobalScriptManger::LoadSolution@0] Load solution start

2025-11-18 15:40:07.362 INFO  [18] [VM.GlobalScript.Support.UserGlobalScriptManger::LoadSolution@0] Load solution end

2025-11-18 15:40:07.368 INFO  [18] [VM.GlobalScript.Support.UserGlobalScriptManger::ExecuteLoadInit@0] ExecuteLoadInit start

2025-11-18 15:40:07.374 INFO  [18] [VM.GlobalScript.Support.UserGlobalScriptManger::ExecuteLoadInit@0] ExecuteLoadInit end

2025-11-18 15:40:07.372 INFO  [4] [VM.GlobalScript.Support.UserGlobalScriptManger::compileGlobalScript@0] Compile begin

2025-11-18 15:40:07.388 INFO  [4] [VM.GlobalScript.Support.UserGlobalScriptSupport::CompileCode@0] 2025-11-18 15:40:07:388 : Compile complete -- 0 Errors, 0 Warnings 


2025-11-18 15:40:07.396 INFO  [4] [VM.GlobalScript.Support.UserGlobalScriptManger::updateBackFile@0] Update BackFile end

2025-11-18 15:40:07.400 INFO  [4] [VM.GlobalScript.Support.UserGlobalScriptManger::compileGlobalScript@0] Compile end

2025-11-18 15:40:07.403 INFO  [22] [VM.GlobalScript.Support.UserGlobalScriptManger::loadInitAction@0] ExecuteLoadInit start

2025-11-18 15:40:52.037 INFO  [1] [VMGlobalScript.GlobalScript::Init@0]  ====================================================V4.3.0 GlobalScript Start Print Log====================================================

2025-11-18 15:40:57.114 INFO  [3] [VM.GlobalScript.Support.GlobalManager::objLoadDefaultScriptTime_Elapsed@0] Load default globalScript begin

2025-11-18 15:40:57.130 INFO  [3] [VM.GlobalScript.Support.UserGlobalScriptManger::compileGlobalScript@0] Compile begin

2025-11-18 15:40:57.368 INFO  [3] [VM.GlobalScript.Support.UserGlobalScriptSupport::CompileCode@0] 2025-11-18 15:40:57:368 : Compile complete -- 0 Errors, 0 Warnings 


2025-11-18 15:40:57.443 INFO  [3] [VM.GlobalScript.Support.UserGlobalScriptManger::updateBackFile@0] Update BackFile end

2025-11-18 15:40:57.447 INFO  [3] [VM.GlobalScript.Support.UserGlobalScriptManger::compileGlobalScript@0] Compile end

2025-11-18 15:40:57.453 INFO  [3] [VM.GlobalScript.Support.GlobalManager::objLoadDefaultScriptTime_Elapsed@0] Load default globalScript end

2025-11-18 15:41:11.617 INFO  [26] [VM.GlobalScript.Support.UserGlobalScriptManger::CloseScript@0] CloseScript start

2025-11-18 15:41:11.625 INFO  [26] [VM.GlobalScript.Support.UserGlobalScriptManger::CloseScript@0] CloseScript end

2025-11-18 15:41:11.711 INFO  [26] [VM.GlobalScript.Support.UserGlobalScriptManger::LoadSolution@0] Load solution start

2025-11-18 15:41:11.829 INFO  [26] [VM.GlobalScript.Support.UserGlobalScriptManger::LoadSolution@0] Load solution end

2025-11-18 15:41:11.839 INFO  [25] [VM.GlobalScript.Support.UserGlobalScriptManger::compileGlobalScript@0] Compile begin

2025-11-18 15:41:11.855 INFO  [25] [VM.GlobalScript.Support.UserGlobalScriptSupport::CompileCode@0] 2025-11-18 15:41:11:855 : Compile complete -- 0 Errors, 0 Warnings 


2025-11-18 15:41:11.865 INFO  [25] [VM.GlobalScript.Support.UserGlobalScriptManger::updateBackFile@0] Update BackFile end

2025-11-18 15:41:11.875 INFO  [25] [VM.GlobalScript.Support.UserGlobalScriptManger::compileGlobalScript@0] Compile end

2025-11-18 15:41:13.114 INFO  [26] [VM.GlobalScript.Support.UserGlobalScriptManger::ExecuteLoadInit@0] ExecuteLoadInit start

2025-11-18 15:41:13.118 INFO  [26] [VM.GlobalScript.Support.UserGlobalScriptManger::ExecuteLoadInit@0] ExecuteLoadInit end

2025-11-18 15:41:13.118 INFO  [3] [VM.GlobalScript.Support.UserGlobalScriptManger::loadInitAction@0] ExecuteLoadInit start

2025-11-18 15:41:18.534 INFO  [26] [VM.GlobalScript.Support.UserGlobalScriptManger::CloseScript@0] CloseScript start

2025-11-18 15:41:18.542 INFO  [26] [VM.GlobalScript.Support.UserGlobalScriptManger::CloseScript@0] CloseScript end

2025-11-18 15:41:18.888 INFO  [26] [VM.GlobalScript.Support.UserGlobalScriptManger::LoadSolution@0] Load solution start

2025-11-18 15:41:18.902 INFO  [26] [VM.GlobalScript.Support.UserGlobalScriptManger::LoadSolution@0] Load solution end

2025-11-18 15:41:18.912 INFO  [29] [VM.GlobalScript.Support.UserGlobalScriptManger::compileGlobalScript@0] Compile begin

2025-11-18 15:41:18.918 INFO  [29] [VM.GlobalScript.Support.UserGlobalScriptSupport::CompileCode@0] 2025-11-18 15:41:18:918 : Compile complete -- 0 Errors, 0 Warnings 


2025-11-18 15:41:18.928 INFO  [29] [VM.GlobalScript.Support.UserGlobalScriptManger::updateBackFile@0] Update BackFile end

2025-11-18 15:41:18.932 INFO  [29] [VM.GlobalScript.Support.UserGlobalScriptManger::compileGlobalScript@0] Compile end

2025-11-18 15:41:19.014 INFO  [26] [VM.GlobalScript.Support.UserGlobalScriptManger::ExecuteLoadInit@0] ExecuteLoadInit start

2025-11-18 15:41:19.021 INFO  [26] [VM.GlobalScript.Support.UserGlobalScriptManger::ExecuteLoadInit@0] ExecuteLoadInit end

2025-11-18 15:41:19.021 INFO  [22] [VM.GlobalScript.Support.UserGlobalScriptManger::loadInitAction@0] ExecuteLoadInit start

2025-11-18 15:42:44.742 INFO  [26] [VM.GlobalScript.Support.UserGlobalScriptManger::CloseScript@0] CloseScript start

2025-11-18 15:42:44.751 INFO  [26] [VM.GlobalScript.Support.UserGlobalScriptManger::CloseScript@0] CloseScript end

2025-11-18 15:42:44.778 INFO  [26] [VM.GlobalScript.Support.UserGlobalScriptManger::LoadSolution@0] Load solution start

2025-11-18 15:42:44.784 INFO  [26] [VM.GlobalScript.Support.UserGlobalScriptManger::LoadSolution@0] Load solution end

2025-11-18 15:42:44.797 INFO  [30] [VM.GlobalScript.Support.UserGlobalScriptManger::compileGlobalScript@0] Compile begin

2025-11-18 15:42:44.812 INFO  [30] [VM.GlobalScript.Support.UserGlobalScriptSupport::CompileCode@0] 2025-11-18 15:42:44:812 : Compile complete -- 0 Errors, 0 Warnings 


2025-11-18 15:42:44.822 INFO  [30] [VM.GlobalScript.Support.UserGlobalScriptManger::updateBackFile@0] Update BackFile end

2025-11-18 15:42:44.827 INFO  [30] [VM.GlobalScript.Support.UserGlobalScriptManger::compileGlobalScript@0] Compile end

2025-11-18 15:42:46.115 INFO  [26] [VM.GlobalScript.Support.UserGlobalScriptManger::ExecuteLoadInit@0] ExecuteLoadInit start

2025-11-18 15:42:46.123 INFO  [26] [VM.GlobalScript.Support.UserGlobalScriptManger::ExecuteLoadInit@0] ExecuteLoadInit end

2025-11-18 15:42:46.123 INFO  [3] [VM.GlobalScript.Support.UserGlobalScriptManger::loadInitAction@0] ExecuteLoadInit start

2025-11-18 15:43:45.130 INFO  [1] [VM.GlobalScript.Support.UserGlobalScriptManger::CloseScript@0] CloseScript start

2025-11-18 15:43:45.143 INFO  [1] [VM.GlobalScript.Support.UserGlobalScriptManger::CloseScript@0] Global script cancel UinitSDK end

2025-11-18 15:43:45.147 INFO  [1] [VM.GlobalScript.Support.UserGlobalScriptManger::CloseScript@0] CloseScript end

2026-03-04 11:55:47.223 INFO  [7] [VM.GlobalScript.LogHelper+<>c::<.cctor>b__8_0@0] ProcessID-34032-,2026-03-04 11:55:46.222 [1] [GlobalScript::Init]  ====================================================V4.4.0 GlobalScript Start Print Log====================================================

2026-03-04 11:55:52.674 INFO  [7] [VM.GlobalScript.LogHelper+<>c::<.cctor>b__8_0@0] ProcessID-34032-,2026-03-04 11:55:51.670 [3] [GlobalManager::objLoadDefaultScriptTime_Elapsed] Load default globalScript begin

2026-03-04 11:55:52.681 ERROR [7] [VM.GlobalScript.LogHelper+<>c::<.cctor>b__8_0@0] ProcessID-34032-,2026-03-04 11:55:51.705 [3] [UserGlobalScriptManger::readDefaultScript] Read Script File Error,拒絕存取路徑 'C:\Program Files\VisionMaster4.4.20\Applications\GlobalScript\GlobalScript.cs'。

2026-03-04 11:55:52.688 INFO  [7] [VM.GlobalScript.LogHelper+<>c::<.cctor>b__8_0@0] ProcessID-34032-,2026-03-04 11:55:51.705 [3] [GlobalManager::objLoadDefaultScriptTime_Elapsed] Load default globalScript end

2026-03-04 11:56:23.415 INFO  [7] [VM.GlobalScript.LogHelper+<>c::<.cctor>b__8_0@0] ProcessID-28448-,2026-03-04 11:56:22.401 [1] [GlobalScript::Init]  ====================================================V4.4.0 GlobalScript Start Print Log====================================================

2026-03-04 11:56:27.461 INFO  [7] [VM.GlobalScript.LogHelper+<>c::<.cctor>b__8_0@0] ProcessID-28448-,2026-03-04 11:56:27.450 [3] [GlobalManager::objLoadDefaultScriptTime_Elapsed] Load default globalScript begin

2026-03-04 11:56:27.467 ERROR [7] [VM.GlobalScript.LogHelper+<>c::<.cctor>b__8_0@0] ProcessID-28448-,2026-03-04 11:56:27.454 [3] [UserGlobalScriptManger::readDefaultScript] Read Script File Error,拒絕存取路徑 'C:\Program Files\VisionMaster4.4.20\Applications\GlobalScript\GlobalScript.cs'。

2026-03-04 11:56:27.472 INFO  [7] [VM.GlobalScript.LogHelper+<>c::<.cctor>b__8_0@0] ProcessID-28448-,2026-03-04 11:56:27.454 [3] [GlobalManager::objLoadDefaultScriptTime_Elapsed] Load default globalScript end

2026-03-04 12:02:35.668 INFO  [7] [VM.GlobalScript.LogHelper+<>c::<.cctor>b__8_0@0] ProcessID-16668-,2026-03-04 12:02:34.655 [1] [GlobalScript::Init]  ====================================================V4.4.0 GlobalScript Start Print Log====================================================

2026-03-04 12:02:40.159 INFO  [7] [VM.GlobalScript.LogHelper+<>c::<.cctor>b__8_0@0] ProcessID-16668-,2026-03-04 12:02:40.131 [3] [GlobalManager::objLoadDefaultScriptTime_Elapsed] Load default globalScript begin

2026-03-04 12:02:40.166 ERROR [7] [VM.GlobalScript.LogHelper+<>c::<.cctor>b__8_0@0] ProcessID-16668-,2026-03-04 12:02:40.135 [3] [UserGlobalScriptManger::readDefaultScript] Read Script File Error,拒絕存取路徑 'C:\Program Files\VisionMaster4.4.20\Applications\GlobalScript\GlobalScript.cs'。

2026-03-04 12:02:40.173 INFO  [7] [VM.GlobalScript.LogHelper+<>c::<.cctor>b__8_0@0] ProcessID-16668-,2026-03-04 12:02:40.135 [3] [GlobalManager::objLoadDefaultScriptTime_Elapsed] Load default globalScript end

2026-03-04 12:03:31.021 INFO  [7] [VM.GlobalScript.LogHelper+<>c::<.cctor>b__8_0@0] ProcessID-36408-,2026-03-04 12:03:31.019 [1] [GlobalScript::Init]  ====================================================V4.4.0 GlobalScript Start Print Log====================================================

2026-03-04 12:03:36.696 INFO  [7] [VM.GlobalScript.LogHelper+<>c::<.cctor>b__8_0@0] ProcessID-36408-,2026-03-04 12:03:36.505 [3] [GlobalManager::objLoadDefaultScriptTime_Elapsed] Load default globalScript begin

2026-03-04 12:03:36.703 ERROR [7] [VM.GlobalScript.LogHelper+<>c::<.cctor>b__8_0@0] ProcessID-36408-,2026-03-04 12:03:36.510 [3] [UserGlobalScriptManger::readDefaultScript] Read Script File Error,拒絕存取路徑 'C:\Program Files\VisionMaster4.4.20\Applications\GlobalScript\GlobalScript.cs'。

2026-03-04 12:03:36.710 INFO  [7] [VM.GlobalScript.LogHelper+<>c::<.cctor>b__8_0@0] ProcessID-36408-,2026-03-04 12:03:36.510 [3] [GlobalManager::objLoadDefaultScriptTime_Elapsed] Load default globalScript end

